<?xml version="1.0" encoding="UTF-8"?>
<testsuite xmlns:xsi="http://www.w3.org/2001/XMLSchema-instance" xsi:noNamespaceSchemaLocation="https://maven.apache.org/surefire/maven-surefire-plugin/xsd/surefire-test-report-3.0.xsd" version="3.0" name="org.lhoffjann.Manuscript.ManuscriptReviewerTest" time="0.232" tests="2" errors="0" skipped="0" failures="0">
  <properties>
    <property name="java.specification.version" value="18"/>
    <property name="sun.jnu.encoding" value="UTF-8"/>
    <property name="java.class.path" value="/home/lennart/IdeaProjects/FileManager/target/test-classes:/home/lennart/IdeaProjects/FileManager/target/classes:/home/lennart/.m2/repository/org/junit/jupiter/junit-jupiter/5.9.0/junit-jupiter-5.9.0.jar:/home/lennart/.m2/repository/org/junit/jupiter/junit-jupiter-api/5.9.0/junit-jupiter-api-5.9.0.jar:/home/lennart/.m2/repository/org/opentest4j/opentest4j/1.2.0/opentest4j-1.2.0.jar:/home/lennart/.m2/repository/org/junit/platform/junit-platform-commons/1.9.0/junit-platform-commons-1.9.0.jar:/home/lennart/.m2/repository/org/apiguardian/apiguardian-api/1.1.2/apiguardian-api-1.1.2.jar:/home/lennart/.m2/repository/org/junit/jupiter/junit-jupiter-params/5.9.0/junit-jupiter-params-5.9.0.jar:/home/lennart/.m2/repository/org/junit/jupiter/junit-jupiter-engine/5.9.0/junit-jupiter-engine-5.9.0.jar:/home/lennart/.m2/repository/org/junit/platform/junit-platform-engine/1.9.0/junit-platform-engine-1.9.0.jar:/home/lennart/.m2/repository/io/github/cdimascio/dotenv-java/2.2.4/dotenv-java-2.2.4.jar:/home/lennart/.m2/repository/commons-io/commons-io/2.6/commons-io-2.6.jar:/home/lennart/.m2/repository/com/itextpdf/itextpdf/5.5.13.3/itextpdf-5.5.13.3.jar:/home/lennart/.m2/repository/com/google/cloud/google-cloud-vision/3.1.0/google-cloud-vision-3.1.0.jar:/home/lennart/.m2/repository/io/grpc/grpc-api/1.48.0/grpc-api-1.48.0.jar:/home/lennart/.m2/repository/io/grpc/grpc-context/1.48.0/grpc-context-1.48.0.jar:/home/lennart/.m2/repository/com/google/code/findbugs/jsr305/3.0.2/jsr305-3.0.2.jar:/home/lennart/.m2/repository/com/google/errorprone/error_prone_annotations/2.14.0/error_prone_annotations-2.14.0.jar:/home/lennart/.m2/repository/io/grpc/grpc-stub/1.48.0/grpc-stub-1.48.0.jar:/home/lennart/.m2/repository/io/grpc/grpc-protobuf/1.48.0/grpc-protobuf-1.48.0.jar:/home/lennart/.m2/repository/io/grpc/grpc-protobuf-lite/1.48.0/grpc-protobuf-lite-1.48.0.jar:/home/lennart/.m2/repository/com/google/api/api-common/2.2.1/api-common-2.2.1.jar:/home/lennart/.m2/repository/javax/annotation/javax.annotation-api/1.3.2/javax.annotation-api-1.3.2.jar:/home/lennart/.m2/repository/com/google/auto/value/auto-value-annotations/1.9/auto-value-annotations-1.9.jar:/home/lennart/.m2/repository/com/google/protobuf/protobuf-java/3.21.4/protobuf-java-3.21.4.jar:/home/lennart/.m2/repository/com/google/api/grpc/proto-google-common-protos/2.9.2/proto-google-common-protos-2.9.2.jar:/home/lennart/.m2/repository/com/google/api/grpc/proto-google-cloud-vision-v1p4beta1/0.90.0/proto-google-cloud-vision-v1p4beta1-0.90.0.jar:/home/lennart/.m2/repository/com/google/api/grpc/proto-google-cloud-vision-v1/3.1.0/proto-google-cloud-vision-v1-3.1.0.jar:/home/lennart/.m2/repository/com/google/api/grpc/proto-google-cloud-vision-v1p1beta1/0.90.0/proto-google-cloud-vision-v1p1beta1-0.90.0.jar:/home/lennart/.m2/repository/com/google/api/grpc/proto-google-cloud-vision-v1p3beta1/0.90.0/proto-google-cloud-vision-v1p3beta1-0.90.0.jar:/home/lennart/.m2/repository/com/google/api/grpc/proto-google-cloud-vision-v1p2beta1/3.1.0/proto-google-cloud-vision-v1p2beta1-3.1.0.jar:/home/lennart/.m2/repository/com/google/guava/guava/31.1-jre/guava-31.1-jre.jar:/home/lennart/.m2/repository/com/google/guava/failureaccess/1.0.1/failureaccess-1.0.1.jar:/home/lennart/.m2/repository/com/google/guava/listenablefuture/9999.0-empty-to-avoid-conflict-with-guava/listenablefuture-9999.0-empty-to-avoid-conflict-with-guava.jar:/home/lennart/.m2/repository/org/checkerframework/checker-qual/3.23.0/checker-qual-3.23.0.jar:/home/lennart/.m2/repository/com/google/j2objc/j2objc-annotations/1.3/j2objc-annotations-1.3.jar:/home/lennart/.m2/repository/com/google/api/gax/2.18.7/gax-2.18.7.jar:/home/lennart/.m2/repository/com/google/auth/google-auth-library-credentials/1.8.1/google-auth-library-credentials-1.8.1.jar:/home/lennart/.m2/repository/com/google/api/gax-grpc/2.18.7/gax-grpc-2.18.7.jar:/home/lennart/.m2/repository/io/grpc/grpc-alts/1.48.0/grpc-alts-1.48.0.jar:/home/lennart/.m2/repository/io/grpc/grpc-grpclb/1.48.0/grpc-grpclb-1.48.0.jar:/home/lennart/.m2/repository/org/conscrypt/conscrypt-openjdk-uber/2.5.2/conscrypt-openjdk-uber-2.5.2.jar:/home/lennart/.m2/repository/io/grpc/grpc-auth/1.48.0/grpc-auth-1.48.0.jar:/home/lennart/.m2/repository/io/grpc/grpc-netty-shaded/1.48.0/grpc-netty-shaded-1.48.0.jar:/home/lennart/.m2/repository/io/perfmark/perfmark-api/0.25.0/perfmark-api-0.25.0.jar:/home/lennart/.m2/repository/io/grpc/grpc-core/1.48.0/grpc-core-1.48.0.jar:/home/lennart/.m2/repository/com/google/android/annotations/4.1.1.4/annotations-4.1.1.4.jar:/home/lennart/.m2/repository/org/codehaus/mojo/animal-sniffer-annotations/1.21/animal-sniffer-annotations-1.21.jar:/home/lennart/.m2/repository/io/grpc/grpc-googleapis/1.48.0/grpc-googleapis-1.48.0.jar:/home/lennart/.m2/repository/io/grpc/grpc-xds/1.48.0/grpc-xds-1.48.0.jar:/home/lennart/.m2/repository/io/grpc/grpc-services/1.48.0/grpc-services-1.48.0.jar:/home/lennart/.m2/repository/com/google/re2j/re2j/1.6/re2j-1.6.jar:/home/lennart/.m2/repository/io/opencensus/opencensus-proto/0.2.0/opencensus-proto-0.2.0.jar:/home/lennart/.m2/repository/com/google/api/gax-httpjson/0.103.7/gax-httpjson-0.103.7.jar:/home/lennart/.m2/repository/com/google/code/gson/gson/2.9.1/gson-2.9.1.jar:/home/lennart/.m2/repository/com/google/http-client/google-http-client/1.42.2/google-http-client-1.42.2.jar:/home/lennart/.m2/repository/org/apache/httpcomponents/httpclient/4.5.13/httpclient-4.5.13.jar:/home/lennart/.m2/repository/commons-logging/commons-logging/1.2/commons-logging-1.2.jar:/home/lennart/.m2/repository/commons-codec/commons-codec/1.15/commons-codec-1.15.jar:/home/lennart/.m2/repository/org/apache/httpcomponents/httpcore/4.4.15/httpcore-4.4.15.jar:/home/lennart/.m2/repository/io/opencensus/opencensus-api/0.31.1/opencensus-api-0.31.1.jar:/home/lennart/.m2/repository/io/opencensus/opencensus-contrib-http-util/0.31.1/opencensus-contrib-http-util-0.31.1.jar:/home/lennart/.m2/repository/com/google/http-client/google-http-client-gson/1.42.2/google-http-client-gson-1.42.2.jar:/home/lennart/.m2/repository/com/google/protobuf/protobuf-java-util/3.21.4/protobuf-java-util-3.21.4.jar:/home/lennart/.m2/repository/org/threeten/threetenbp/1.6.0/threetenbp-1.6.0.jar:/home/lennart/.m2/repository/com/google/auth/google-auth-library-oauth2-http/1.3.0/google-auth-library-oauth2-http-1.3.0.jar:/home/lennart/.m2/repository/org/jdom/jdom2/2.0.6/jdom2-2.0.6.jar:/home/lennart/.m2/repository/org/gitlab4j/gitlab4j-api/5.0.1/gitlab4j-api-5.0.1.jar:/home/lennart/.m2/repository/jakarta/activation/jakarta.activation-api/1.2.2/jakarta.activation-api-1.2.2.jar:/home/lennart/.m2/repository/org/glassfish/jersey/inject/jersey-hk2/2.35/jersey-hk2-2.35.jar:/home/lennart/.m2/repository/org/glassfish/jersey/core/jersey-common/2.35/jersey-common-2.35.jar:/home/lennart/.m2/repository/jakarta/annotation/jakarta.annotation-api/1.3.5/jakarta.annotation-api-1.3.5.jar:/home/lennart/.m2/repository/org/glassfish/hk2/osgi-resource-locator/1.0.3/osgi-resource-locator-1.0.3.jar:/home/lennart/.m2/repository/org/glassfish/hk2/hk2-locator/2.6.1/hk2-locator-2.6.1.jar:/home/lennart/.m2/repository/org/glassfish/hk2/external/aopalliance-repackaged/2.6.1/aopalliance-repackaged-2.6.1.jar:/home/lennart/.m2/repository/org/glassfish/hk2/hk2-api/2.6.1/hk2-api-2.6.1.jar:/home/lennart/.m2/repository/org/glassfish/hk2/hk2-utils/2.6.1/hk2-utils-2.6.1.jar:/home/lennart/.m2/repository/org/javassist/javassist/3.25.0-GA/javassist-3.25.0-GA.jar:/home/lennart/.m2/repository/org/glassfish/jersey/core/jersey-client/2.35/jersey-client-2.35.jar:/home/lennart/.m2/repository/jakarta/ws/rs/jakarta.ws.rs-api/2.1.6/jakarta.ws.rs-api-2.1.6.jar:/home/lennart/.m2/repository/org/glassfish/hk2/external/jakarta.inject/2.6.1/jakarta.inject-2.6.1.jar:/home/lennart/.m2/repository/org/glassfish/jersey/connectors/jersey-apache-connector/2.35/jersey-apache-connector-2.35.jar:/home/lennart/.m2/repository/org/glassfish/jersey/media/jersey-media-multipart/2.35/jersey-media-multipart-2.35.jar:/home/lennart/.m2/repository/org/jvnet/mimepull/mimepull/1.9.13/mimepull-1.9.13.jar:/home/lennart/.m2/repository/org/glassfish/jersey/media/jersey-media-json-jackson/2.35/jersey-media-json-jackson-2.35.jar:/home/lennart/.m2/repository/org/glassfish/jersey/ext/jersey-entity-filtering/2.35/jersey-entity-filtering-2.35.jar:/home/lennart/.m2/repository/com/fasterxml/jackson/core/jackson-annotations/2.12.2/jackson-annotations-2.12.2.jar:/home/lennart/.m2/repository/com/fasterxml/jackson/core/jackson-databind/2.12.2/jackson-databind-2.12.2.jar:/home/lennart/.m2/repository/com/fasterxml/jackson/core/jackson-core/2.12.2/jackson-core-2.12.2.jar:/home/lennart/.m2/repository/com/fasterxml/jackson/module/jackson-module-jaxb-annotations/2.12.2/jackson-module-jaxb-annotations-2.12.2.jar:/home/lennart/.m2/repository/jakarta/xml/bind/jakarta.xml.bind-api/2.3.2/jakarta.xml.bind-api-2.3.2.jar:/home/lennart/.m2/repository/jakarta/servlet/jakarta.servlet-api/4.0.4/jakarta.servlet-api-4.0.4.jar:/home/lennart/.m2/repository/uk/org/webcompere/system-stubs-jupiter/1.2.0/system-stubs-jupiter-1.2.0.jar:/home/lennart/.m2/repository/uk/org/webcompere/system-stubs-core/1.2.0/system-stubs-core-1.2.0.jar:/home/lennart/.m2/repository/de/codeshelf/consoleui/consoleui/0.0.13/consoleui-0.0.13.jar:/home/lennart/.m2/repository/org/fusesource/jansi/jansi/1.11/jansi-1.11.jar:/home/lennart/.m2/repository/jline/jline/2.14.6/jline-2.14.6.jar:"/>
    <property name="java.vm.vendor" value="Oracle Corporation"/>
    <property name="sun.arch.data.model" value="64"/>
    <property name="java.vendor.url" value="https://java.oracle.com/"/>
    <property name="os.name" value="Linux"/>
    <property name="java.vm.specification.version" value="18"/>
    <property name="sun.java.launcher" value="SUN_STANDARD"/>
    <property name="user.country" value="US"/>
    <property name="sun.boot.library.path" value="/home/lennart/.jdks/openjdk-18.0.2.1/lib"/>
    <property name="sun.java.command" value="/home/lennart/IdeaProjects/FileManager/target/surefire/surefirebooter577826029453830255.jar /home/lennart/IdeaProjects/FileManager/target/surefire 2022-09-06T15-41-44_420-jvmRun1 surefire6106454346900858971tmp surefire_03417795474030077686tmp"/>
    <property name="jdk.debug" value="release"/>
    <property name="surefire.test.class.path" value="/home/lennart/IdeaProjects/FileManager/target/test-classes:/home/lennart/IdeaProjects/FileManager/target/classes:/home/lennart/.m2/repository/org/junit/jupiter/junit-jupiter/5.9.0/junit-jupiter-5.9.0.jar:/home/lennart/.m2/repository/org/junit/jupiter/junit-jupiter-api/5.9.0/junit-jupiter-api-5.9.0.jar:/home/lennart/.m2/repository/org/opentest4j/opentest4j/1.2.0/opentest4j-1.2.0.jar:/home/lennart/.m2/repository/org/junit/platform/junit-platform-commons/1.9.0/junit-platform-commons-1.9.0.jar:/home/lennart/.m2/repository/org/apiguardian/apiguardian-api/1.1.2/apiguardian-api-1.1.2.jar:/home/lennart/.m2/repository/org/junit/jupiter/junit-jupiter-params/5.9.0/junit-jupiter-params-5.9.0.jar:/home/lennart/.m2/repository/org/junit/jupiter/junit-jupiter-engine/5.9.0/junit-jupiter-engine-5.9.0.jar:/home/lennart/.m2/repository/org/junit/platform/junit-platform-engine/1.9.0/junit-platform-engine-1.9.0.jar:/home/lennart/.m2/repository/io/github/cdimascio/dotenv-java/2.2.4/dotenv-java-2.2.4.jar:/home/lennart/.m2/repository/commons-io/commons-io/2.6/commons-io-2.6.jar:/home/lennart/.m2/repository/com/itextpdf/itextpdf/5.5.13.3/itextpdf-5.5.13.3.jar:/home/lennart/.m2/repository/com/google/cloud/google-cloud-vision/3.1.0/google-cloud-vision-3.1.0.jar:/home/lennart/.m2/repository/io/grpc/grpc-api/1.48.0/grpc-api-1.48.0.jar:/home/lennart/.m2/repository/io/grpc/grpc-context/1.48.0/grpc-context-1.48.0.jar:/home/lennart/.m2/repository/com/google/code/findbugs/jsr305/3.0.2/jsr305-3.0.2.jar:/home/lennart/.m2/repository/com/google/errorprone/error_prone_annotations/2.14.0/error_prone_annotations-2.14.0.jar:/home/lennart/.m2/repository/io/grpc/grpc-stub/1.48.0/grpc-stub-1.48.0.jar:/home/lennart/.m2/repository/io/grpc/grpc-protobuf/1.48.0/grpc-protobuf-1.48.0.jar:/home/lennart/.m2/repository/io/grpc/grpc-protobuf-lite/1.48.0/grpc-protobuf-lite-1.48.0.jar:/home/lennart/.m2/repository/com/google/api/api-common/2.2.1/api-common-2.2.1.jar:/home/lennart/.m2/repository/javax/annotation/javax.annotation-api/1.3.2/javax.annotation-api-1.3.2.jar:/home/lennart/.m2/repository/com/google/auto/value/auto-value-annotations/1.9/auto-value-annotations-1.9.jar:/home/lennart/.m2/repository/com/google/protobuf/protobuf-java/3.21.4/protobuf-java-3.21.4.jar:/home/lennart/.m2/repository/com/google/api/grpc/proto-google-common-protos/2.9.2/proto-google-common-protos-2.9.2.jar:/home/lennart/.m2/repository/com/google/api/grpc/proto-google-cloud-vision-v1p4beta1/0.90.0/proto-google-cloud-vision-v1p4beta1-0.90.0.jar:/home/lennart/.m2/repository/com/google/api/grpc/proto-google-cloud-vision-v1/3.1.0/proto-google-cloud-vision-v1-3.1.0.jar:/home/lennart/.m2/repository/com/google/api/grpc/proto-google-cloud-vision-v1p1beta1/0.90.0/proto-google-cloud-vision-v1p1beta1-0.90.0.jar:/home/lennart/.m2/repository/com/google/api/grpc/proto-google-cloud-vision-v1p3beta1/0.90.0/proto-google-cloud-vision-v1p3beta1-0.90.0.jar:/home/lennart/.m2/repository/com/google/api/grpc/proto-google-cloud-vision-v1p2beta1/3.1.0/proto-google-cloud-vision-v1p2beta1-3.1.0.jar:/home/lennart/.m2/repository/com/google/guava/guava/31.1-jre/guava-31.1-jre.jar:/home/lennart/.m2/repository/com/google/guava/failureaccess/1.0.1/failureaccess-1.0.1.jar:/home/lennart/.m2/repository/com/google/guava/listenablefuture/9999.0-empty-to-avoid-conflict-with-guava/listenablefuture-9999.0-empty-to-avoid-conflict-with-guava.jar:/home/lennart/.m2/repository/org/checkerframework/checker-qual/3.23.0/checker-qual-3.23.0.jar:/home/lennart/.m2/repository/com/google/j2objc/j2objc-annotations/1.3/j2objc-annotations-1.3.jar:/home/lennart/.m2/repository/com/google/api/gax/2.18.7/gax-2.18.7.jar:/home/lennart/.m2/repository/com/google/auth/google-auth-library-credentials/1.8.1/google-auth-library-credentials-1.8.1.jar:/home/lennart/.m2/repository/com/google/api/gax-grpc/2.18.7/gax-grpc-2.18.7.jar:/home/lennart/.m2/repository/io/grpc/grpc-alts/1.48.0/grpc-alts-1.48.0.jar:/home/lennart/.m2/repository/io/grpc/grpc-grpclb/1.48.0/grpc-grpclb-1.48.0.jar:/home/lennart/.m2/repository/org/conscrypt/conscrypt-openjdk-uber/2.5.2/conscrypt-openjdk-uber-2.5.2.jar:/home/lennart/.m2/repository/io/grpc/grpc-auth/1.48.0/grpc-auth-1.48.0.jar:/home/lennart/.m2/repository/io/grpc/grpc-netty-shaded/1.48.0/grpc-netty-shaded-1.48.0.jar:/home/lennart/.m2/repository/io/perfmark/perfmark-api/0.25.0/perfmark-api-0.25.0.jar:/home/lennart/.m2/repository/io/grpc/grpc-core/1.48.0/grpc-core-1.48.0.jar:/home/lennart/.m2/repository/com/google/android/annotations/4.1.1.4/annotations-4.1.1.4.jar:/home/lennart/.m2/repository/org/codehaus/mojo/animal-sniffer-annotations/1.21/animal-sniffer-annotations-1.21.jar:/home/lennart/.m2/repository/io/grpc/grpc-googleapis/1.48.0/grpc-googleapis-1.48.0.jar:/home/lennart/.m2/repository/io/grpc/grpc-xds/1.48.0/grpc-xds-1.48.0.jar:/home/lennart/.m2/repository/io/grpc/grpc-services/1.48.0/grpc-services-1.48.0.jar:/home/lennart/.m2/repository/com/google/re2j/re2j/1.6/re2j-1.6.jar:/home/lennart/.m2/repository/io/opencensus/opencensus-proto/0.2.0/opencensus-proto-0.2.0.jar:/home/lennart/.m2/repository/com/google/api/gax-httpjson/0.103.7/gax-httpjson-0.103.7.jar:/home/lennart/.m2/repository/com/google/code/gson/gson/2.9.1/gson-2.9.1.jar:/home/lennart/.m2/repository/com/google/http-client/google-http-client/1.42.2/google-http-client-1.42.2.jar:/home/lennart/.m2/repository/org/apache/httpcomponents/httpclient/4.5.13/httpclient-4.5.13.jar:/home/lennart/.m2/repository/commons-logging/commons-logging/1.2/commons-logging-1.2.jar:/home/lennart/.m2/repository/commons-codec/commons-codec/1.15/commons-codec-1.15.jar:/home/lennart/.m2/repository/org/apache/httpcomponents/httpcore/4.4.15/httpcore-4.4.15.jar:/home/lennart/.m2/repository/io/opencensus/opencensus-api/0.31.1/opencensus-api-0.31.1.jar:/home/lennart/.m2/repository/io/opencensus/opencensus-contrib-http-util/0.31.1/opencensus-contrib-http-util-0.31.1.jar:/home/lennart/.m2/repository/com/google/http-client/google-http-client-gson/1.42.2/google-http-client-gson-1.42.2.jar:/home/lennart/.m2/repository/com/google/protobuf/protobuf-java-util/3.21.4/protobuf-java-util-3.21.4.jar:/home/lennart/.m2/repository/org/threeten/threetenbp/1.6.0/threetenbp-1.6.0.jar:/home/lennart/.m2/repository/com/google/auth/google-auth-library-oauth2-http/1.3.0/google-auth-library-oauth2-http-1.3.0.jar:/home/lennart/.m2/repository/org/jdom/jdom2/2.0.6/jdom2-2.0.6.jar:/home/lennart/.m2/repository/org/gitlab4j/gitlab4j-api/5.0.1/gitlab4j-api-5.0.1.jar:/home/lennart/.m2/repository/jakarta/activation/jakarta.activation-api/1.2.2/jakarta.activation-api-1.2.2.jar:/home/lennart/.m2/repository/org/glassfish/jersey/inject/jersey-hk2/2.35/jersey-hk2-2.35.jar:/home/lennart/.m2/repository/org/glassfish/jersey/core/jersey-common/2.35/jersey-common-2.35.jar:/home/lennart/.m2/repository/jakarta/annotation/jakarta.annotation-api/1.3.5/jakarta.annotation-api-1.3.5.jar:/home/lennart/.m2/repository/org/glassfish/hk2/osgi-resource-locator/1.0.3/osgi-resource-locator-1.0.3.jar:/home/lennart/.m2/repository/org/glassfish/hk2/hk2-locator/2.6.1/hk2-locator-2.6.1.jar:/home/lennart/.m2/repository/org/glassfish/hk2/external/aopalliance-repackaged/2.6.1/aopalliance-repackaged-2.6.1.jar:/home/lennart/.m2/repository/org/glassfish/hk2/hk2-api/2.6.1/hk2-api-2.6.1.jar:/home/lennart/.m2/repository/org/glassfish/hk2/hk2-utils/2.6.1/hk2-utils-2.6.1.jar:/home/lennart/.m2/repository/org/javassist/javassist/3.25.0-GA/javassist-3.25.0-GA.jar:/home/lennart/.m2/repository/org/glassfish/jersey/core/jersey-client/2.35/jersey-client-2.35.jar:/home/lennart/.m2/repository/jakarta/ws/rs/jakarta.ws.rs-api/2.1.6/jakarta.ws.rs-api-2.1.6.jar:/home/lennart/.m2/repository/org/glassfish/hk2/external/jakarta.inject/2.6.1/jakarta.inject-2.6.1.jar:/home/lennart/.m2/repository/org/glassfish/jersey/connectors/jersey-apache-connector/2.35/jersey-apache-connector-2.35.jar:/home/lennart/.m2/repository/org/glassfish/jersey/media/jersey-media-multipart/2.35/jersey-media-multipart-2.35.jar:/home/lennart/.m2/repository/org/jvnet/mimepull/mimepull/1.9.13/mimepull-1.9.13.jar:/home/lennart/.m2/repository/org/glassfish/jersey/media/jersey-media-json-jackson/2.35/jersey-media-json-jackson-2.35.jar:/home/lennart/.m2/repository/org/glassfish/jersey/ext/jersey-entity-filtering/2.35/jersey-entity-filtering-2.35.jar:/home/lennart/.m2/repository/com/fasterxml/jackson/core/jackson-annotations/2.12.2/jackson-annotations-2.12.2.jar:/home/lennart/.m2/repository/com/fasterxml/jackson/core/jackson-databind/2.12.2/jackson-databind-2.12.2.jar:/home/lennart/.m2/repository/com/fasterxml/jackson/core/jackson-core/2.12.2/jackson-core-2.12.2.jar:/home/lennart/.m2/repository/com/fasterxml/jackson/module/jackson-module-jaxb-annotations/2.12.2/jackson-module-jaxb-annotations-2.12.2.jar:/home/lennart/.m2/repository/jakarta/xml/bind/jakarta.xml.bind-api/2.3.2/jakarta.xml.bind-api-2.3.2.jar:/home/lennart/.m2/repository/jakarta/servlet/jakarta.servlet-api/4.0.4/jakarta.servlet-api-4.0.4.jar:/home/lennart/.m2/repository/uk/org/webcompere/system-stubs-jupiter/1.2.0/system-stubs-jupiter-1.2.0.jar:/home/lennart/.m2/repository/uk/org/webcompere/system-stubs-core/1.2.0/system-stubs-core-1.2.0.jar:/home/lennart/.m2/repository/de/codeshelf/consoleui/consoleui/0.0.13/consoleui-0.0.13.jar:/home/lennart/.m2/repository/org/fusesource/jansi/jansi/1.11/jansi-1.11.jar:/home/lennart/.m2/repository/jline/jline/2.14.6/jline-2.14.6.jar:"/>
    <property name="sun.cpu.endian" value="little"/>
    <property name="user.home" value="/home/lennart"/>
    <property name="user.language" value="en"/>
    <property name="java.specification.vendor" value="Oracle Corporation"/>
    <property name="java.version.date" value="2022-08-18"/>
    <property name="java.home" value="/home/lennart/.jdks/openjdk-18.0.2.1"/>
    <property name="file.separator" value="/"/>
    <property name="basedir" value="/home/lennart/IdeaProjects/FileManager"/>
    <property name="java.vm.compressedOopsMode" value="Zero based"/>
    <property name="line.separator" value="&#10;"/>
    <property name="java.vm.specification.vendor" value="Oracle Corporation"/>
    <property name="java.specification.name" value="Java Platform API Specification"/>
    <property name="surefire.real.class.path" value="/home/lennart/IdeaProjects/FileManager/target/surefire/surefirebooter577826029453830255.jar"/>
    <property name="sun.management.compiler" value="HotSpot 64-Bit Tiered Compilers"/>
    <property name="java.runtime.version" value="18.0.2.1+1-1"/>
    <property name="user.name" value="lennart"/>
    <property name="path.separator" value=":"/>
    <property name="os.version" value="5.15.60-1-MANJARO"/>
    <property name="java.runtime.name" value="OpenJDK Runtime Environment"/>
    <property name="file.encoding" value="UTF-8"/>
    <property name="java.vm.name" value="OpenJDK 64-Bit Server VM"/>
    <property name="localRepository" value="/home/lennart/.m2/repository"/>
    <property name="java.vendor.url.bug" value="https://bugreport.java.com/bugreport/"/>
    <property name="java.io.tmpdir" value="/tmp"/>
    <property name="idea.version" value="2022.2.1"/>
    <property name="java.version" value="18.0.2.1"/>
    <property name="user.dir" value="/home/lennart/IdeaProjects/FileManager"/>
    <property name="os.arch" value="amd64"/>
    <property name="java.vm.specification.name" value="Java Virtual Machine Specification"/>
    <property name="native.encoding" value="UTF-8"/>
    <property name="java.library.path" value="/usr/java/packages/lib:/usr/lib64:/lib64:/lib:/usr/lib"/>
    <property name="java.vm.info" value="mixed mode, sharing"/>
    <property name="java.vendor" value="Oracle Corporation"/>
    <property name="java.vm.version" value="18.0.2.1+1-1"/>
    <property name="sun.io.unicode.encoding" value="UnicodeLittle"/>
    <property name="java.class.version" value="62.0"/>
  </properties>
  <testcase name="getAllFolders" classname="org.lhoffjann.Manuscript.ManuscriptReviewerTest" time="0.218"/>
  <testcase name="showWindow" classname="org.lhoffjann.Manuscript.ManuscriptReviewerTest" time="0.001"/>
</testsuite>